<?xml version="1.0" encoding="UTF-8"?>
<!-- Generated by org.testng.reporters.JUnitReportReporter -->
<testsuite skipped="0" hostname="DESKTOP-ATHBLI3" name="src.test.java.employee_api.employee_test.GetEmployeeData" tests="1" failures="0" timestamp="2021-03-14T01:02:30 PST" time="1.989" errors="0">
  <testcase name="TC_001_getData" time="1.989" classname="src.test.java.employee_api.employee_test.GetEmployeeData"/>
  <system-out/>
</testsuite> <!-- src.test.java.employee_api.employee_test.GetEmployeeData -->
