<?xml version="1.0" encoding="UTF-8"?>
<!-- Generated by org.testng.reporters.JUnitReportReporter -->
<testsuite skipped="0" hostname="DESKTOP-ATHBLI3" name="src.test.java.employee_api.employee_test.UpdateEmployeeData" tests="1" failures="0" timestamp="2021-03-14T01:02:30 PST" time="2.242" errors="0">
  <testcase name="TC_004_updateData" time="2.242" classname="src.test.java.employee_api.employee_test.UpdateEmployeeData"/>
  <system-out/>
</testsuite> <!-- src.test.java.employee_api.employee_test.UpdateEmployeeData -->
