<?xml version="1.0" encoding="UTF-8"?>
<!-- Generated by org.testng.reporters.JUnitReportReporter -->
<testsuite skipped="0" hostname="DESKTOP-ATHBLI3" name="src.test.java.employee_api.employee_test.CreateEmployeeData" tests="2" failures="0" timestamp="2021-03-14T01:02:30 PST" time="0.610" errors="0">
  <testcase name="TC_003_addData" time="0.249" classname="src.test.java.employee_api.employee_test.CreateEmployeeData"/>
  <system-out/>
  <testcase name="TC_003_addData" time="0.361" classname="src.test.java.employee_api.employee_test.CreateEmployeeData"/>
  <system-out/>
</testsuite> <!-- src.test.java.employee_api.employee_test.CreateEmployeeData -->
